


ARM Macro Assembler    Page 1 


    1 00000000         
    2 00000000         
    3 00000000                 area             mycode, code, readonly
    4 00000000                 code32
    5 00000000         
    6 00000000                 entry
    7 00000000         
    8 00000000         ;ºƒ¥Ê∆˜∑≈»Î ˝æ›µƒ»˝∑Ω∑®
    9 00000000         ;mov  ”––ß¡¢º¥ ˝
   10 00000000         ;mvn  ∞¥Œª»°∑¥”––ß¡¢º¥ ˝
   11 00000000         ;ldr,=xxx Œ±÷∏¡Ó, »Œ“‚int ˝
   12 00000000         
   13 00000000         ;ª˘±æ‘ÀÀ„÷∏¡Óadd  sub  mul
   14 00000000         ;◊¢“‚≤ªƒ‹ «¡Ω∏ˆ¡¢º¥ ˝‘ÀÀ„
   15 00000000         
   16 00000000         ;∞¥Œª‘ÀÀ„÷∏¡Óorrº˚1Œ™1 and bicŒª»°∑¥
   17 00000000         
   18 00000000         ;ƒ⁄¥Ê≤Ÿ◊˜÷∏¡Ó
   19 00000000         ;swpƒ⁄¥Ê∫Õºƒ¥Ê∆˜Ωªªª
   20 00000000         ;ldr ƒ⁄¥Ê->
   21 00000000         start
   22 00000000 E3A0000B        mov              r0, #11
   23 00000004 E3A01202        mov              r1, #0x20000000
   24 00000008 E1A02001        mov              r2, r1
   25 0000000C E3E030FF        mvn              r3, #0xff   ;∞¥Œª»°∑¥
   26 00000010 E1E04003        mvn              r4, r3
   27 00000014 E59F5014        ldr              r5, =0x123  ;Œ±÷∏¡Ó, ø…¥Ê∑≈∑«∑®
                                                            ¡¢º¥ ˝, œ»∑≈ƒ⁄¥Ê, ‘
                                                            Ÿ¥”ƒ⁄¥Ê
   28 00000018         
   29 00000018         ;≥£”√‘ÀÀ„÷∏¡Ó
   30 00000018         ;Ω´8-11Œª±‰Œ™0xe
   31 00000018 E3A00C12        ldr              r0, =0x1200
   32 0000001C E3C00C0F        bic              r0, r0, #0xf << 8 ;8-11Œª÷√¡„
   33 00000020 E3800C0E        orr              r0, r0, #0xe << 8 
                                                            ;0xeŒ™“™…Ë÷√µƒ ˝
   34 00000024         
   35 00000024         ;»√12-15ŒªŒ™0
   36 00000024 E59F1008        ldr              r1, =0x12010 ;->0x10010
   37 00000028 E3C11A0F        bic              r1, r1, #0xf << 12
   38 0000002C         
   39 0000002C         
   40 0000002C E1020091        swp              r0, r1, [r2]
   41 00000030         
   42 00000030         
   43 00000030                 end
              00000123 
              00012010 
Command Line: --debug --liston --xref --cpu=ARM920T --apcs=/interwork -oasm.o -
-predefine="__EVAL SETA 1" asm.s



ARM Macro Assembler    Page 1 Alphabetic symbol ordering
Relocatable symbols

mycode 00000000

Symbol: mycode
   Definitions
      At line 3 in file asm.s
   Uses
      None
Comment: mycode unused
start 00000000

Symbol: start
   Definitions
      At line 21 in file asm.s
   Uses
      None
Comment: start unused
2 symbols
329 symbols in table
